Started by user marijn
Obtained Jenkinsfile from git https://github.com/kerriemetworst/nginx-chlng.git
Running in Durability level: MAX_SURVIVABILITY
[Pipeline] Start of Pipeline
[Pipeline] node
Running on Jenkins in /var/lib/jenkins/workspace/nginx-chlng
[Pipeline] {
[Pipeline] stage
[Pipeline] { (Declarative: Checkout SCM)
[Pipeline] checkout
No credentials specified
 > git rev-parse --is-inside-work-tree # timeout=10
Fetching changes from the remote Git repository
 > git config remote.origin.url https://github.com/kerriemetworst/nginx-chlng.git # timeout=10
Fetching upstream changes from https://github.com/kerriemetworst/nginx-chlng.git
 > git --version # timeout=10
 > git fetch --tags --force --progress -- https://github.com/kerriemetworst/nginx-chlng.git +refs/heads/*:refs/remotes/origin/* # timeout=10
 > git rev-parse refs/remotes/origin/master^{commit} # timeout=10
 > git rev-parse refs/remotes/origin/origin/master^{commit} # timeout=10
Checking out Revision 79e6813042110264c38e32a150e14972e4fbe707 (refs/remotes/origin/master)
 > git config core.sparsecheckout # timeout=10
 > git checkout -f 79e6813042110264c38e32a150e14972e4fbe707 # timeout=10
Commit message: "somehow deletes stages{} directive"
 > git rev-list --no-walk 79e6813042110264c38e32a150e14972e4fbe707 # timeout=10
[Pipeline] }
[Pipeline] // stage
[Pipeline] withEnv
[Pipeline] {
[Pipeline] sh
+ date +%Y%m%d%H%M
[Pipeline] withEnv
[Pipeline] {
[Pipeline] stage
[Pipeline] { (Build Docker Container)
[Pipeline] sh
+ docker build -t nginx-chlng .
Sending build context to Docker daemon   25.2MB
Step 1/11 : FROM ubuntu:18.04
 ---> 775349758637
Step 2/11 : RUN apt-get update && apt-get -y install build-essential zlib1g-dev libpcre3-dev openssl libc6-dev
 ---> Using cache
 ---> 92cd309e0e99
Step 3/11 : RUN mkdir /home/endocode
 ---> Using cache
 ---> cb02a8e8ddc6
Step 4/11 : COPY ./ /home/endocode/
 ---> 8a483a93c6ee
Step 5/11 : WORKDIR /home/endocode
 ---> Running in 09425ddd072b
Removing intermediate container 09425ddd072b
 ---> 7c7a2508e111
Step 6/11 : RUN ./configure
 ---> Running in d322f7d0921a
checking for OS
 + Linux 5.3.0-24-generic x86_64
checking for C compiler ... found
 + using GNU C compiler
 + gcc version: 7.4.0 (Ubuntu 7.4.0-1ubuntu1~18.04.1) 
checking for gcc -pipe switch ... found
checking for -Wl,-E switch ... found
checking for gcc builtin atomic operations ... found
checking for C99 variadic macros ... found
checking for gcc variadic macros ... found
checking for gcc builtin 64 bit byteswap ... found
checking for unistd.h ... found
checking for inttypes.h ... found
checking for limits.h ... found
checking for sys/filio.h ... not found
checking for sys/param.h ... found
checking for sys/mount.h ... found
checking for sys/statvfs.h ... found
checking for crypt.h ... found
checking for Linux specific features
checking for epoll ... found
checking for EPOLLRDHUP ... found
checking for EPOLLEXCLUSIVE ... found
checking for O_PATH ... found
checking for sendfile() ... found
checking for sendfile64() ... found
checking for sys/prctl.h ... found
checking for prctl(PR_SET_DUMPABLE) ... found
checking for prctl(PR_SET_KEEPCAPS) ... found
checking for capabilities ... found
checking for crypt_r() ... found
checking for sys/vfs.h ... found
checking for nobody group ... not found
checking for nogroup group ... found
checking for poll() ... found
checking for /dev/poll ... not found
checking for kqueue ... not found
checking for crypt() ... not found
checking for crypt() in libcrypt ... found
checking for F_READAHEAD ... not found
checking for posix_fadvise() ... found
checking for O_DIRECT ... found
checking for F_NOCACHE ... not found
checking for directio() ... not found
checking for statfs() ... found
checking for statvfs() ... found
checking for dlopen() ... not found
checking for dlopen() in libdl ... found
checking for sched_yield() ... found
checking for sched_setaffinity() ... found
checking for SO_SETFIB ... not found
checking for SO_REUSEPORT ... found
checking for SO_ACCEPTFILTER ... not found
checking for SO_BINDANY ... not found
checking for IP_TRANSPARENT ... found
checking for IP_BINDANY ... not found
checking for IP_BIND_ADDRESS_NO_PORT ... found
checking for IP_RECVDSTADDR ... not found
checking for IP_SENDSRCADDR ... not found
checking for IP_PKTINFO ... found
checking for IPV6_RECVPKTINFO ... found
checking for TCP_DEFER_ACCEPT ... found
checking for TCP_KEEPIDLE ... found
checking for TCP_FASTOPEN ... found
checking for TCP_INFO ... found
checking for accept4() ... found
checking for eventfd() ... found
checking for int size ... 4 bytes
checking for long size ... 8 bytes
checking for long long size ... 8 bytes
checking for void * size ... 8 bytes
checking for uint32_t ... found
checking for uint64_t ... found
checking for sig_atomic_t ... found
checking for sig_atomic_t size ... 4 bytes
checking for socklen_t ... found
checking for in_addr_t ... found
checking for in_port_t ... found
checking for rlim_t ... found
checking for uintptr_t ... uintptr_t found
checking for system byte ordering ... little endian
checking for size_t size ... 8 bytes
checking for off_t size ... 8 bytes
checking for time_t size ... 8 bytes
checking for AF_INET6 ... found
checking for setproctitle() ... not found
checking for pread() ... found
checking for pwrite() ... found
checking for pwritev() ... found
checking for sys_nerr ... found
checking for localtime_r() ... found
checking for clock_gettime(CLOCK_MONOTONIC) ... found
checking for posix_memalign() ... found
checking for memalign() ... found
checking for mmap(MAP_ANON|MAP_SHARED) ... found
checking for mmap("/dev/zero", MAP_SHARED) ... found
checking for System V shared memory ... found
checking for POSIX semaphores ... not found
checking for POSIX semaphores in libpthread ... found
checking for struct msghdr.msg_control ... found
checking for ioctl(FIONBIO) ... found
checking for struct tm.tm_gmtoff ... found
checking for struct dirent.d_namlen ... not found
checking for struct dirent.d_type ... found
checking for sysconf(_SC_NPROCESSORS_ONLN) ... found
checking for sysconf(_SC_LEVEL1_DCACHE_LINESIZE) ... found
checking for openat(), fstatat() ... found
checking for getaddrinfo() ... found
checking for PCRE library ... found
checking for PCRE JIT support ... found
checking for zlib library ... found
creating objs/Makefile

Configuration summary
  + using system PCRE library
  + OpenSSL library is not used
  + using system zlib library

  nginx path prefix: "/usr/local/nginx"
  nginx binary file: "/usr/local/nginx/sbin/nginx"
  nginx modules path: "/usr/local/nginx/modules"
  nginx configuration prefix: "/usr/local/nginx/conf"
  nginx configuration file: "/usr/local/nginx/conf/nginx.conf"
  nginx pid file: "/usr/local/nginx/logs/nginx.pid"
  nginx error log file: "/usr/local/nginx/logs/error.log"
  nginx http access log file: "/usr/local/nginx/logs/access.log"
  nginx http client request body temporary files: "client_body_temp"
  nginx http proxy temporary files: "proxy_temp"
  nginx http fastcgi temporary files: "fastcgi_temp"
  nginx http uwsgi temporary files: "uwsgi_temp"
  nginx http scgi temporary files: "scgi_temp"

Removing intermediate container d322f7d0921a
 ---> 4b08fbf34979
Step 7/11 : RUN make
 ---> Running in c1a6c602de1b
make -f objs/Makefile
make[1]: Entering directory '/home/endocode'
cc -c -pipe  -O -W -Wall -Wpointer-arith -Wno-unused-parameter -Werror -g  -I src/core -I src/event -I src/event/modules -I src/os/unix -I objs \
	-o objs/src/core/nginx.o \
	src/core/nginx.c
[91mIn file included from src/core/nginx.c:9:0:
src/core/ngx_core.h:71:10: fatal error: ngx_nomnomnom.h: No such file or directory
 #include <ngx_nomnomnom.h>
          ^~~~~~~~~~~~~~~~~
compilation terminated.
[0mobjs/Makefile:365: recipe for target 'objs/src/core/nginx.o' failed
make[1]: Leaving directory '/home/endocode'
[91mmake[1]: *** [objs/src/core/nginx.o] Error 1
[0mMakefile:8: recipe for target 'build' failed
[91mmake: *** [build] Error 2
[0mThe command '/bin/sh -c make' returned a non-zero code: 2
[Pipeline] }
[Pipeline] // stage
[Pipeline] stage
[Pipeline] { (Declarative: Post Actions)
[Pipeline] archiveArtifacts
Archiving artifacts
[Pipeline] }
[Pipeline] // stage
[Pipeline] }
[Pipeline] // withEnv
[Pipeline] }
[Pipeline] // withEnv
[Pipeline] }
[Pipeline] // node
[Pipeline] End of Pipeline
ERROR: script returned exit code 2
Finished: FAILURE
